2025-05-18 13:58:05,047 [Worker-2: Loading available Gradle versions] INFO  o.e.b.c.i.u.g.PublishedGradleVersions - Gradle version information cache is up-to-date. Trying to read.
2025-05-18 13:58:44,256 [Thread-4] ERROR o.e.jgit.internal.util.ShutdownHook - Cleanup during JVM shutdown failed
java.util.concurrent.ExecutionException: java.lang.ExceptionInInitializerError
	at java.base/java.util.concurrent.ForkJoinTask.reportExecutionException(ForkJoinTask.java:581)
	at java.base/java.util.concurrent.ForkJoinTask.get(ForkJoinTask.java:1021)
	at org.eclipse.jgit.internal.util.ShutdownHook.cleanup(ShutdownHook.java:82)
	at java.base/java.lang.Thread.run(Thread.java:1583)
Caused by: java.lang.ExceptionInInitializerError: null
	at java.base/jdk.internal.reflect.DirectConstructorHandleAccessor.newInstance(DirectConstructorHandleAccessor.java:62)
	at java.base/java.lang.reflect.Constructor.newInstanceWithCaller(Constructor.java:502)
	at java.base/java.lang.reflect.Constructor.newInstance(Constructor.java:486)
	at java.base/java.util.concurrent.ForkJoinTask.getThrowableException(ForkJoinTask.java:540)
	at java.base/java.util.concurrent.ForkJoinTask.reportExecutionException(ForkJoinTask.java:580)
	... 3 common frames omitted
Caused by: java.lang.ExceptionInInitializerError: null
	at jp.sourceforge.mergedoc.pleiades.resource.TranslationString.splitPunct(TranslationString.java:861)
	at jp.sourceforge.mergedoc.pleiades.resource.TranslationString.split(TranslationString.java:709)
	at jp.sourceforge.mergedoc.pleiades.runtime.resource.TranslationDictionary.getValue(TranslationDictionary.java:535)
	at jp.sourceforge.mergedoc.pleiades.runtime.resource.TranslationDictionary.lookupInternal(TranslationDictionary.java:498)
	at jp.sourceforge.mergedoc.pleiades.runtime.resource.TranslationDictionary.lookup(TranslationDictionary.java:390)
	at jp.sourceforge.mergedoc.pleiades.runtime.resource.TranslationCache.translate(TranslationCache.java:176)
	at jp.sourceforge.mergedoc.pleiades.runtime.resource.TranslationCache.translateMnemonic(TranslationCache.java:117)
	at jp.sourceforge.mergedoc.pleiades.runtime.resource.Translationz.translate(Translationz.java:54)
	at org.eclipse.jgit.nls.TranslationBundle.load(TranslationBundle.java:148)
	at org.eclipse.jgit.nls.GlobalBundleCache.lookupBundle(GlobalBundleCache.java:64)
	at org.eclipse.jgit.nls.NLS.get(NLS.java:127)
	at org.eclipse.jgit.nls.NLS.getBundleFor(NLS.java:103)
	at org.eclipse.jgit.internal.JGitText.get(JGitText.java:29)
	at org.eclipse.jgit.internal.util.ShutdownHook.notify(ShutdownHook.java:97)
	at java.base/java.util.stream.ForEachOps$ForEachOp$OfRef.accept(ForEachOps.java:184)
	at java.base/java.util.concurrent.ConcurrentHashMap$KeySpliterator.forEachRemaining(ConcurrentHashMap.java:3573)
	at java.base/java.util.stream.AbstractPipeline.copyInto(AbstractPipeline.java:509)
	at java.base/java.util.stream.ForEachOps$ForEachTask.compute(ForEachOps.java:291)
	at java.base/java.util.concurrent.CountedCompleter.exec(CountedCompleter.java:754)
	at java.base/java.util.concurrent.ForkJoinTask.doExec(ForkJoinTask.java:387)
	at java.base/java.util.concurrent.ForkJoinTask.invoke(ForkJoinTask.java:667)
	at java.base/java.util.stream.ForEachOps$ForEachOp.evaluateParallel(ForEachOps.java:160)
	at java.base/java.util.stream.ForEachOps$ForEachOp$OfRef.evaluateParallel(ForEachOps.java:174)
	at java.base/java.util.stream.AbstractPipeline.evaluate(AbstractPipeline.java:233)
	at java.base/java.util.stream.ReferencePipeline.forEach(ReferencePipeline.java:596)
	at java.base/java.util.stream.ReferencePipeline$Head.forEach(ReferencePipeline.java:765)
	at org.eclipse.jgit.internal.util.ShutdownHook.doCleanup(ShutdownHook.java:93)
	at org.eclipse.jgit.internal.util.ShutdownHook.lambda$1(ShutdownHook.java:80)
	at java.base/java.util.concurrent.ForkJoinTask$AdaptedCallable.exec(ForkJoinTask.java:1456)
	at java.base/java.util.concurrent.ForkJoinTask.doExec(ForkJoinTask.java:387)
	at java.base/java.util.concurrent.ForkJoinPool$WorkQueue.topLevelExec(ForkJoinPool.java:1312)
	at java.base/java.util.concurrent.ForkJoinPool.scan(ForkJoinPool.java:1843)
	at java.base/java.util.concurrent.ForkJoinPool.runWorker(ForkJoinPool.java:1808)
	at java.base/java.util.concurrent.ForkJoinWorkerThread.run(ForkJoinWorkerThread.java:188)
Caused by: java.lang.IllegalStateException: Shutdown in progress
	at java.base/java.lang.ApplicationShutdownHooks.add(ApplicationShutdownHooks.java:67)
	at java.base/java.lang.Runtime.addShutdownHook(Runtime.java:250)
	at jp.sourceforge.mergedoc.pleiades.log.FileLogger.<init>(FileLogger.java:56)
	at jp.sourceforge.mergedoc.pleiades.log.Logger.getLoggerInternal(Logger.java:184)
	at jp.sourceforge.mergedoc.pleiades.log.Logger.getLogger(Logger.java:61)
	at jp.sourceforge.mergedoc.pleiades.resource.PatternCache.<clinit>(PatternCache.java:23)
	... 34 common frames omitted
2025-05-18 13:58:55,285 [Worker-6: Loading available Gradle versions] INFO  o.e.b.c.i.u.g.PublishedGradleVersions - Gradle version information cache is up-to-date. Trying to read.
2025-05-18 20:08:05,677 [Worker-7: Loading available Gradle versions] INFO  o.e.b.c.i.u.g.PublishedGradleVersions - Gradle version information cache is up-to-date. Trying to read.
2025-05-22 16:13:30,831 [Worker-1: Loading available Gradle versions] INFO  o.e.b.c.i.u.g.PublishedGradleVersions - Gradle version information cache is up-to-date. Trying to read.
2025-05-22 22:07:06,595 [Worker-6: Loading available Gradle versions] INFO  o.e.b.c.i.u.g.PublishedGradleVersions - Gradle version information cache is up-to-date. Trying to read.
2025-06-02 16:11:18,619 [Worker-1: Loading available Gradle versions] INFO  o.e.b.c.i.u.g.PublishedGradleVersions - Gradle version information cache is out-of-date. Trying to update.
2025-06-02 18:08:23,464 [Worker-2: Loading available Gradle versions] INFO  o.e.b.c.i.u.g.PublishedGradleVersions - Gradle version information cache is up-to-date. Trying to read.
2025-06-03 00:32:20,972 [Worker-2: Loading available Gradle versions] INFO  o.e.b.c.i.u.g.PublishedGradleVersions - Gradle version information cache is up-to-date. Trying to read.
